TN:
SF:js/tab-router.ts
FN:15,initTabRouter
FN:16,(anonymous_1)
FN:18,(anonymous_2)
FN:19,(anonymous_3)
FN:23,(anonymous_4)
FN:26,(anonymous_5)
FN:31,(anonymous_6)
FNF:7
FNH:7
FNDA:19,initTabRouter
FNDA:19,(anonymous_1)
FNDA:76,(anonymous_2)
FNDA:26,(anonymous_3)
FNDA:104,(anonymous_4)
FNDA:104,(anonymous_5)
FNDA:48,(anonymous_6)
DA:16,19
DA:18,19
DA:19,76
DA:20,26
DA:23,104
DA:26,104
DA:29,26
DA:30,21
DA:31,48
DA:32,21
DA:33,21
DA:34,19
DA:35,19
DA:37,3
DA:44,19
LF:15
LH:15
BRDA:15,0,0,19
BRDA:29,1,0,21
BRDA:29,1,1,5
BRDA:33,2,0,19
BRDA:33,2,1,2
BRDA:33,3,0,21
BRDA:33,3,1,19
BRF:7
BRH:7
end_of_record
TN:
SF:js/types.ts
FNF:0
FNH:0
LF:0
LH:0
BRF:0
BRH:0
end_of_record
TN:
SF:js/map/fabric-canvas.ts
FN:15,(anonymous_0)
FN:80,(anonymous_1)
FN:84,(anonymous_2)
FN:89,(anonymous_3)
FN:94,(anonymous_4)
FN:102,(anonymous_5)
FN:110,(anonymous_6)
FN:117,(anonymous_7)
FN:123,(anonymous_8)
FN:131,(anonymous_9)
FN:144,(anonymous_10)
FN:146,(anonymous_11)
FN:152,(anonymous_12)
FN:159,(anonymous_13)
FN:165,(anonymous_14)
FN:166,(anonymous_15)
FN:168,(anonymous_16)
FN:193,(anonymous_17)
FN:210,(anonymous_18)
FN:211,(anonymous_19)
FN:226,(anonymous_20)
FN:229,(anonymous_21)
FN:235,(anonymous_22)
FN:258,(anonymous_23)
FN:268,(anonymous_24)
FN:270,(anonymous_25)
FN:299,(anonymous_26)
FN:335,(anonymous_27)
FN:369,(anonymous_28)
FN:385,(anonymous_29)
FN:396,(anonymous_30)
FN:402,(anonymous_31)
FN:410,(anonymous_32)
FN:434,(anonymous_33)
FN:458,(anonymous_34)
FN:477,(anonymous_35)
FN:478,(anonymous_36)
FN:479,(anonymous_37)
FN:484,(anonymous_38)
FNF:39
FNH:16
FNDA:42,(anonymous_0)
FNDA:0,(anonymous_1)
FNDA:0,(anonymous_2)
FNDA:0,(anonymous_3)
FNDA:0,(anonymous_4)
FNDA:39,(anonymous_5)
FNDA:0,(anonymous_6)
FNDA:0,(anonymous_7)
FNDA:0,(anonymous_8)
FNDA:0,(anonymous_9)
FNDA:0,(anonymous_10)
FNDA:0,(anonymous_11)
FNDA:0,(anonymous_12)
FNDA:0,(anonymous_13)
FNDA:0,(anonymous_14)
FNDA:0,(anonymous_15)
FNDA:0,(anonymous_16)
FNDA:0,(anonymous_17)
FNDA:42,(anonymous_18)
FNDA:0,(anonymous_19)
FNDA:42,(anonymous_20)
FNDA:0,(anonymous_21)
FNDA:0,(anonymous_22)
FNDA:39,(anonymous_23)
FNDA:42,(anonymous_24)
FNDA:19,(anonymous_25)
FNDA:9,(anonymous_26)
FNDA:11,(anonymous_27)
FNDA:0,(anonymous_28)
FNDA:42,(anonymous_29)
FNDA:29,(anonymous_30)
FNDA:29,(anonymous_31)
FNDA:47,(anonymous_32)
FNDA:10,(anonymous_33)
FNDA:7,(anonymous_34)
FNDA:42,(anonymous_35)
FNDA:0,(anonymous_36)
FNDA:0,(anonymous_37)
FNDA:0,(anonymous_38)
DA:16,42
DA:17,42
DA:20,42
DA:21,42
DA:22,42
DA:23,42
DA:26,42
DA:37,42
DA:40,42
DA:41,42
DA:44,42
DA:45,42
DA:46,42
DA:49,42
DA:50,42
DA:53,42
DA:54,42
DA:55,42
DA:58,42
DA:59,42
DA:60,42
DA:63,42
DA:64,42
DA:65,42
DA:68,42
DA:69,42
DA:71,42
DA:72,42
DA:73,42
DA:74,42
DA:75,42
DA:81,0
DA:85,0
DA:86,0
DA:90,0
DA:91,0
DA:95,0
DA:96,0
DA:103,39
DA:104,39
DA:111,0
DA:112,0
DA:113,0
DA:114,0
DA:118,0
DA:119,0
DA:120,0
DA:124,0
DA:125,0
DA:126,0
DA:127,0
DA:128,0
DA:132,0
DA:133,0
DA:134,0
DA:135,0
DA:136,0
DA:137,0
DA:140,0
DA:141,0
DA:144,0
DA:147,0
DA:148,0
DA:149,0
DA:153,0
DA:154,0
DA:155,0
DA:156,0
DA:160,0
DA:166,0
DA:167,0
DA:168,0
DA:169,0
DA:170,0
DA:179,0
DA:181,0
DA:182,0
DA:183,0
DA:184,0
DA:186,0
DA:187,0
DA:194,0
DA:195,0
DA:196,0
DA:197,0
DA:198,0
DA:199,0
DA:200,0
DA:201,0
DA:204,0
DA:205,0
DA:211,42
DA:212,0
DA:213,0
DA:214,0
DA:215,0
DA:217,42
DA:219,42
DA:220,42
DA:221,42
DA:229,42
DA:230,0
DA:231,0
DA:236,0
DA:237,0
DA:239,0
DA:241,0
DA:243,0
DA:244,0
DA:245,0
DA:246,0
DA:247,0
DA:248,0
DA:249,0
DA:250,0
DA:251,0
DA:253,0
DA:259,39
DA:260,39
DA:261,39
DA:262,39
DA:266,1
DA:270,42
DA:271,19
DA:272,19
DA:273,19
DA:276,19
DA:277,0
DA:278,0
DA:279,0
DA:284,19
DA:285,13
DA:286,13
DA:287,13
DA:288,13
DA:289,13
DA:292,6
DA:293,6
DA:294,6
DA:295,6
DA:299,42
DA:300,9
DA:301,9
DA:302,9
DA:304,9
DA:305,0
DA:306,0
DA:307,0
DA:311,9
DA:312,6
DA:313,6
DA:314,4
DA:316,4
DA:317,4
DA:318,4
DA:323,9
DA:324,3
DA:325,3
DA:326,2
DA:330,9
DA:331,9
DA:335,42
DA:336,11
DA:337,11
DA:338,0
DA:339,0
DA:340,0
DA:342,11
DA:343,11
DA:344,11
DA:346,11
DA:348,6
DA:349,6
DA:351,4
DA:352,4
DA:353,4
DA:355,6
DA:356,6
DA:357,6
DA:358,6
DA:359,6
DA:362,5
DA:363,5
DA:364,5
DA:365,5
DA:369,42
DA:370,0
DA:371,0
DA:372,0
DA:373,0
DA:374,0
DA:386,42
DA:389,42
DA:392,42
DA:394,42
DA:396,42
DA:397,29
DA:398,29
DA:399,29
DA:400,29
DA:402,42
DA:403,29
DA:404,29
DA:405,29
DA:406,29
DA:410,42
DA:411,47
DA:412,46
DA:413,46
DA:415,22
DA:416,22
DA:418,21
DA:419,21
DA:420,21
DA:421,21
DA:422,21
DA:423,21
DA:425,21
DA:426,21
DA:427,21
DA:429,21
DA:434,42
DA:435,10
DA:438,10
DA:439,10
DA:440,8
DA:441,8
DA:443,8
DA:444,8
DA:445,8
DA:446,8
DA:448,8
DA:449,8
DA:451,8
DA:452,8
DA:454,8
DA:455,8
DA:458,42
DA:459,7
DA:460,7
DA:461,7
DA:462,7
DA:463,7
DA:464,7
DA:465,7
DA:466,7
DA:467,7
DA:471,42
DA:472,42
DA:478,42
DA:479,42
DA:480,0
DA:481,0
DA:482,0
DA:484,42
DA:485,0
DA:486,0
DA:487,0
LF:258
LH:160
BRDA:37,0,0,42
BRDA:37,0,1,0
BRDA:37,0,2,0
BRDA:131,1,0,0
BRDA:133,2,0,0
BRDA:133,2,1,0
BRDA:194,3,0,0
BRDA:194,3,1,0
BRDA:198,4,0,0
BRDA:198,4,1,0
BRDA:201,5,0,0
BRDA:201,5,1,0
BRDA:221,6,0,42
BRDA:221,6,1,0
BRDA:221,7,0,42
BRDA:221,7,1,42
BRDA:230,8,0,0
BRDA:230,8,1,0
BRDA:236,9,0,0
BRDA:236,9,1,0
BRDA:243,10,0,0
BRDA:243,10,1,0
BRDA:260,11,0,39
BRDA:260,11,1,0
BRDA:260,11,2,0
BRDA:261,12,0,39
BRDA:261,12,1,0
BRDA:261,12,2,0
BRDA:271,13,0,0
BRDA:271,13,1,19
BRDA:276,14,0,0
BRDA:276,14,1,19
BRDA:276,15,0,19
BRDA:276,15,1,19
BRDA:276,15,2,19
BRDA:276,15,3,19
BRDA:284,16,0,13
BRDA:284,16,1,6
BRDA:300,17,0,0
BRDA:300,17,1,9
BRDA:304,18,0,0
BRDA:304,18,1,9
BRDA:304,19,0,9
BRDA:304,19,1,0
BRDA:311,20,0,6
BRDA:311,20,1,3
BRDA:311,21,0,9
BRDA:311,21,1,6
BRDA:311,21,2,6
BRDA:313,22,0,4
BRDA:313,22,1,2
BRDA:323,23,0,3
BRDA:323,23,1,6
BRDA:323,24,0,9
BRDA:323,24,1,3
BRDA:323,24,2,3
BRDA:325,25,0,2
BRDA:325,25,1,1
BRDA:336,26,0,0
BRDA:336,26,1,11
BRDA:337,27,0,0
BRDA:337,27,1,11
BRDA:346,28,0,6
BRDA:346,28,1,5
BRDA:349,29,0,4
BRDA:349,29,1,2
BRDA:373,30,0,0
BRDA:373,30,1,0
BRDA:399,31,0,0
BRDA:399,31,1,29
BRDA:399,32,0,29
BRDA:399,32,1,29
BRDA:405,33,0,0
BRDA:405,33,1,29
BRDA:405,34,0,29
BRDA:405,34,1,29
BRDA:411,35,0,1
BRDA:411,35,1,46
BRDA:413,36,0,22
BRDA:413,36,1,24
BRDA:416,37,0,21
BRDA:416,37,1,1
BRDA:435,38,0,0
BRDA:435,38,1,10
BRDA:435,39,0,10
BRDA:435,39,1,10
BRDA:439,40,0,2
BRDA:439,40,1,8
BRDA:445,41,0,0
BRDA:445,41,1,8
BRDA:448,42,0,8
BRDA:448,42,1,0
BRDA:451,43,0,8
BRDA:451,43,1,0
BRDA:451,44,0,8
BRDA:451,44,1,8
BRDA:459,45,0,0
BRDA:459,45,1,7
BRDA:462,46,0,7
BRDA:462,46,1,0
BRDA:463,47,0,6
BRDA:463,47,1,1
BRDA:480,48,0,0
BRDA:480,48,1,0
BRDA:481,49,0,0
BRDA:481,49,1,0
BRDA:481,50,0,0
BRDA:481,50,1,0
BRDA:485,51,0,0
BRDA:485,51,1,0
BRDA:486,52,0,0
BRDA:486,52,1,0
BRF:112
BRH:63
end_of_record
TN:
SF:js/map/gps-calibration.ts
FN:70,findTickCenters
FN:80,(anonymous_1)
FN:109,computeCalibration
FN:137,(anonymous_3)
FN:143,(anonymous_4)
FN:156,(anonymous_5)
FN:160,(anonymous_6)
FN:180,(anonymous_7)
FN:199,columnProfile
FN:219,rowProfile
FN:245,blueExcessColumnProfile
FN:268,blueExcessRowProfile
FN:303,detectGraduations
FN:324,(anonymous_13)
FN:332,(anonymous_14)
FN:345,(anonymous_15)
FN:352,(anonymous_16)
FN:378,(anonymous_17)
FN:390,(anonymous_18)
FN:420,(anonymous_19)
FN:421,(anonymous_20)
FN:422,(anonymous_21)
FN:427,(anonymous_22)
FN:430,(anonymous_23)
FN:431,(anonymous_24)
FN:432,(anonymous_25)
FN:447,interpolateLonX
FN:449,(anonymous_27)
FN:476,interpolateLatY
FN:478,(anonymous_29)
FN:507,interpolateLonFromX
FN:509,(anonymous_31)
FN:509,(anonymous_32)
FN:532,interpolateLatFromY
FN:534,(anonymous_34)
FN:534,(anonymous_35)
FN:537,(anonymous_36)
FN:538,(anonymous_37)
FN:577,buildGradGrid
FNF:39
FNH:25
FNDA:11,findTickCenters
FNDA:1650,(anonymous_1)
FNDA:16,computeCalibration
FNDA:880,(anonymous_3)
FNDA:845,(anonymous_4)
FNDA:832,(anonymous_5)
FNDA:832,(anonymous_6)
FNDA:40,(anonymous_7)
FNDA:2,columnProfile
FNDA:2,rowProfile
FNDA:7,blueExcessColumnProfile
FNDA:6,blueExcessRowProfile
FNDA:0,detectGraduations
FNDA:0,(anonymous_13)
FNDA:0,(anonymous_14)
FNDA:0,(anonymous_15)
FNDA:0,(anonymous_16)
FNDA:0,(anonymous_17)
FNDA:0,(anonymous_18)
FNDA:0,(anonymous_19)
FNDA:0,(anonymous_20)
FNDA:0,(anonymous_21)
FNDA:0,(anonymous_22)
FNDA:0,(anonymous_23)
FNDA:0,(anonymous_24)
FNDA:0,(anonymous_25)
FNDA:1364,interpolateLonX
FNDA:256447,(anonymous_27)
FNDA:583,interpolateLatY
FNDA:2268,(anonymous_29)
FNDA:20,interpolateLonFromX
FNDA:415,(anonymous_31)
FNDA:396,(anonymous_32)
FNDA:20,interpolateLatFromY
FNDA:199,(anonymous_34)
FNDA:180,(anonymous_35)
FNDA:6,(anonymous_36)
FNDA:2,(anonymous_37)
FNDA:23,buildGradGrid
DA:22,3
DA:38,3
DA:39,3
DA:40,3
DA:41,3
DA:42,3
DA:43,3
DA:44,3
DA:45,3
DA:52,3
DA:53,3
DA:54,3
DA:55,3
DA:71,11
DA:72,11
DA:73,29264
DA:75,11
DA:80,1650
DA:82,10
DA:83,10
DA:84,10
DA:85,10
DA:86,1698
DA:87,1640
DA:88,1640
DA:90,1698
DA:92,10
DA:93,10
DA:110,16
DA:113,16
DA:114,8
DA:115,8
DA:117,8
DA:122,3
DA:123,3
DA:124,3
DA:125,3
DA:128,5
DA:129,5
DA:130,5
DA:131,5
DA:136,16
DA:137,880
DA:139,9
DA:142,5
DA:143,5
DA:144,845
DA:145,5
DA:147,5
DA:148,5
DA:149,845
DA:150,845
DA:151,840
DA:152,840
DA:153,840
DA:155,5
DA:156,832
DA:159,5
DA:160,832
DA:161,5
DA:165,4
DA:166,4
DA:167,4
DA:168,4
DA:169,4
DA:171,4
DA:172,4
DA:173,44
DA:174,44
DA:175,40
DA:176,40
DA:177,40
DA:179,4
DA:180,40
DA:185,16
DA:200,2
DA:201,2
DA:202,7
DA:203,56
DA:204,56
DA:205,56
DA:206,56
DA:209,2
DA:220,2
DA:221,2
DA:222,12
DA:223,56
DA:224,56
DA:225,56
DA:226,56
DA:229,2
DA:246,7
DA:247,7
DA:248,40
DA:249,120182
DA:250,120182
DA:251,120182
DA:252,120182
DA:253,120182
DA:256,7
DA:269,6
DA:270,6
DA:271,10383
DA:272,83004
DA:273,83004
DA:274,83004
DA:275,83004
DA:276,83004
DA:279,6
DA:304,0
DA:305,0
DA:308,0
DA:309,0
DA:313,0
DA:314,0
DA:315,0
DA:316,0
DA:324,0
DA:325,0
DA:326,0
DA:327,0
DA:328,0
DA:329,0
DA:330,0
DA:332,0
DA:333,0
DA:334,0
DA:337,0
DA:338,0
DA:339,0
DA:340,0
DA:345,0
DA:346,0
DA:347,0
DA:348,0
DA:349,0
DA:350,0
DA:351,0
DA:352,0
DA:353,0
DA:354,0
DA:356,0
DA:357,0
DA:358,0
DA:362,0
DA:363,0
DA:366,0
DA:367,0
DA:375,0
DA:376,0
DA:377,0
DA:378,0
DA:379,0
DA:380,0
DA:382,0
DA:387,0
DA:388,0
DA:389,0
DA:390,0
DA:391,0
DA:392,0
DA:394,0
DA:398,0
DA:399,0
DA:401,0
DA:407,0
DA:408,0
DA:410,0
DA:419,0
DA:420,0
DA:421,0
DA:422,0
DA:425,0
DA:426,0
DA:428,0
DA:430,0
DA:431,0
DA:432,0
DA:434,0
DA:448,1364
DA:449,256447
DA:450,1362
DA:451,1362
DA:452,1362
DA:453,16963
DA:454,1303
DA:456,1362
DA:457,1305
DA:458,1296
DA:459,1239
DA:460,1239
DA:477,583
DA:478,2268
DA:482,581
DA:483,581
DA:484,3739
DA:485,580
DA:486,12
DA:488,569
DA:493,567
DA:494,567
DA:495,567
DA:496,567
DA:508,20
DA:509,415
DA:510,18
DA:511,18
DA:512,18
DA:513,214
DA:514,15
DA:516,18
DA:517,16
DA:518,3
DA:519,2
DA:520,2
DA:533,20
DA:534,199
DA:535,18
DA:537,18
DA:538,18
DA:541,18
DA:542,18
DA:543,109
DA:544,15
DA:546,18
DA:547,16
DA:548,3
DA:553,2
DA:554,2
DA:555,2
DA:558,2
DA:579,23
DA:582,23
DA:584,3
DA:585,69
DA:586,69
DA:587,69
DA:588,69
DA:589,69
DA:590,69
DA:592,20
DA:593,6
DA:594,1152
DA:595,144
DA:596,138
DA:599,14
DA:600,322
DA:601,322
DA:606,23
DA:609,23
DA:611,3
DA:612,33
DA:613,33
DA:614,33
DA:615,33
DA:616,33
DA:617,33
DA:618,33
DA:620,20
DA:621,6
DA:622,516
DA:623,66
DA:624,66
DA:627,14
DA:629,154
DA:630,14
DA:632,140
DA:633,140
DA:635,154
DA:643,23
DA:644,5
DA:645,1
DA:646,361
DA:647,336
DA:648,336
DA:651,4
DA:652,1436
DA:653,1344
DA:654,1344
DA:655,112
DA:657,1344
DA:661,5
DA:662,1
DA:663,161
DA:664,150
DA:665,140
DA:668,4
DA:669,596
DA:670,560
DA:671,560
DA:672,0
DA:673,0
DA:675,560
DA:680,23
LF:294
LH:222
BRDA:70,0,0,11
BRDA:73,1,0,1708
BRDA:73,1,1,27556
BRDA:75,2,0,1
BRDA:75,2,1,10
BRDA:86,3,0,1640
BRDA:86,3,1,58
BRDA:113,4,0,8
BRDA:113,4,1,8
BRDA:113,5,0,16
BRDA:113,5,1,8
BRDA:117,6,0,3
BRDA:117,6,1,5
BRDA:122,7,0,2
BRDA:122,7,1,1
BRDA:136,8,0,9
BRDA:136,8,1,7
BRDA:136,9,0,16
BRDA:136,9,1,9
BRDA:139,10,0,5
BRDA:139,10,1,4
BRDA:144,11,0,420
BRDA:144,11,1,425
BRDA:150,12,0,5
BRDA:150,12,1,840
BRDA:153,13,0,832
BRDA:153,13,1,8
BRDA:153,14,0,840
BRDA:153,14,1,832
BRDA:155,15,0,5
BRDA:155,15,1,0
BRDA:159,16,0,5
BRDA:159,16,1,5
BRDA:161,17,0,3
BRDA:161,17,1,2
BRDA:168,18,0,4
BRDA:168,18,1,0
BRDA:168,19,0,4
BRDA:168,19,1,4
BRDA:174,20,0,4
BRDA:174,20,1,40
BRDA:179,21,0,4
BRDA:179,21,1,0
BRDA:206,22,0,4
BRDA:206,22,1,52
BRDA:226,23,0,2
BRDA:226,23,1,54
BRDA:253,24,0,1087
BRDA:253,24,1,119095
BRDA:276,25,0,545
BRDA:276,25,1,82459
BRDA:304,26,0,0
BRDA:304,26,1,0
BRDA:305,27,0,0
BRDA:305,27,1,0
BRDA:308,28,0,0
BRDA:308,28,1,0
BRDA:315,29,0,0
BRDA:315,29,1,0
BRDA:375,30,0,0
BRDA:375,30,1,0
BRDA:376,31,0,0
BRDA:376,31,1,0
BRDA:377,32,0,0
BRDA:377,32,1,0
BRDA:379,33,0,0
BRDA:379,33,1,0
BRDA:387,34,0,0
BRDA:387,34,1,0
BRDA:388,35,0,0
BRDA:388,35,1,0
BRDA:389,36,0,0
BRDA:389,36,1,0
BRDA:391,37,0,0
BRDA:391,37,1,0
BRDA:398,38,0,0
BRDA:398,38,1,0
BRDA:399,39,0,0
BRDA:399,39,1,0
BRDA:402,40,0,0
BRDA:402,40,1,0
BRDA:403,41,0,0
BRDA:403,41,1,0
BRDA:407,42,0,0
BRDA:407,42,1,0
BRDA:408,43,0,0
BRDA:408,43,1,0
BRDA:411,44,0,0
BRDA:411,44,1,0
BRDA:412,45,0,0
BRDA:412,45,1,0
BRDA:413,46,0,0
BRDA:413,46,1,0
BRDA:414,47,0,0
BRDA:414,47,1,0
BRDA:419,48,0,0
BRDA:419,48,1,0
BRDA:426,49,0,0
BRDA:426,49,1,0
BRDA:428,50,0,0
BRDA:428,50,1,0
BRDA:448,51,0,2
BRDA:448,51,1,1362
BRDA:448,52,0,1364
BRDA:448,52,1,1364
BRDA:450,53,0,0
BRDA:450,53,1,1362
BRDA:453,54,0,15660
BRDA:453,54,1,1303
BRDA:454,55,0,1303
BRDA:454,55,1,0
BRDA:456,56,0,57
BRDA:456,56,1,1305
BRDA:457,57,0,9
BRDA:457,57,1,1296
BRDA:458,58,0,57
BRDA:458,58,1,1239
BRDA:477,59,0,2
BRDA:477,59,1,581
BRDA:477,60,0,583
BRDA:477,60,1,583
BRDA:484,61,0,3159
BRDA:484,61,1,580
BRDA:485,62,0,568
BRDA:485,62,1,12
BRDA:488,63,0,2
BRDA:488,63,1,567
BRDA:488,64,0,569
BRDA:488,64,1,568
BRDA:494,65,0,0
BRDA:494,65,1,567
BRDA:508,66,0,2
BRDA:508,66,1,18
BRDA:508,67,0,20
BRDA:508,67,1,20
BRDA:510,68,0,0
BRDA:510,68,1,18
BRDA:513,69,0,199
BRDA:513,69,1,15
BRDA:516,70,0,2
BRDA:516,70,1,16
BRDA:517,71,0,13
BRDA:517,71,1,3
BRDA:518,72,0,1
BRDA:518,72,1,2
BRDA:533,73,0,2
BRDA:533,73,1,18
BRDA:533,74,0,20
BRDA:533,74,1,20
BRDA:535,75,0,0
BRDA:535,75,1,18
BRDA:543,76,0,94
BRDA:543,76,1,15
BRDA:546,77,0,2
BRDA:546,77,1,16
BRDA:547,78,0,13
BRDA:547,78,1,3
BRDA:548,79,0,1
BRDA:548,79,1,2
BRDA:554,80,0,0
BRDA:554,80,1,2
BRDA:577,81,0,23
BRDA:582,82,0,3
BRDA:582,82,1,20
BRDA:582,83,0,23
BRDA:582,83,1,3
BRDA:582,83,2,3
BRDA:586,84,0,0
BRDA:586,84,1,69
BRDA:586,85,0,69
BRDA:586,85,1,69
BRDA:587,86,0,0
BRDA:587,86,1,69
BRDA:587,87,0,69
BRDA:587,87,1,69
BRDA:592,88,0,6
BRDA:592,88,1,14
BRDA:594,89,0,1008
BRDA:594,89,1,144
BRDA:594,90,0,1152
BRDA:594,90,1,1152
BRDA:595,91,0,6
BRDA:595,91,1,138
BRDA:595,92,0,144
BRDA:595,92,1,141
BRDA:609,93,0,3
BRDA:609,93,1,20
BRDA:609,94,0,23
BRDA:609,94,1,3
BRDA:609,94,2,3
BRDA:614,95,0,33
BRDA:614,95,1,0
BRDA:615,96,0,0
BRDA:615,96,1,33
BRDA:615,97,0,33
BRDA:615,97,1,33
BRDA:616,98,0,0
BRDA:616,98,1,33
BRDA:616,99,0,33
BRDA:616,99,1,33
BRDA:620,100,0,6
BRDA:620,100,1,14
BRDA:622,101,0,450
BRDA:622,101,1,66
BRDA:622,102,0,516
BRDA:622,102,1,516
BRDA:623,103,0,0
BRDA:623,103,1,66
BRDA:623,104,0,66
BRDA:623,104,1,66
BRDA:629,105,0,14
BRDA:629,105,1,140
BRDA:643,106,0,5
BRDA:643,106,1,18
BRDA:644,107,0,1
BRDA:644,107,1,4
BRDA:646,108,0,25
BRDA:646,108,1,336
BRDA:646,109,0,361
BRDA:646,109,1,361
BRDA:647,110,0,0
BRDA:647,110,1,336
BRDA:647,111,0,336
BRDA:647,111,1,336
BRDA:652,112,0,92
BRDA:652,112,1,1344
BRDA:654,113,0,112
BRDA:654,113,1,1232
BRDA:661,114,0,1
BRDA:661,114,1,4
BRDA:663,115,0,11
BRDA:663,115,1,150
BRDA:663,116,0,161
BRDA:663,116,1,161
BRDA:664,117,0,10
BRDA:664,117,1,140
BRDA:664,118,0,150
BRDA:664,118,1,145
BRDA:669,119,0,36
BRDA:669,119,1,560
BRDA:671,120,0,0
BRDA:671,120,1,560
BRDA:672,121,0,0
BRDA:672,121,1,0
BRF:244
BRH:175
end_of_record
TN:
SF:js/map/history.ts
FN:14,(anonymous_0)
FN:23,(anonymous_1)
FN:30,(anonymous_2)
FN:37,(anonymous_3)
FN:44,(anonymous_4)
FN:45,(anonymous_5)
FNF:6
FNH:6
FNDA:12,(anonymous_0)
FNDA:113,(anonymous_1)
FNDA:11,(anonymous_2)
FNDA:2,(anonymous_3)
FNDA:13,(anonymous_4)
FNDA:6,(anonymous_5)
DA:15,12
DA:16,12
DA:17,12
DA:18,12
DA:19,12
DA:24,113
DA:25,113
DA:26,113
DA:27,113
DA:31,11
DA:32,10
DA:33,10
DA:34,10
DA:38,2
DA:39,2
DA:40,2
DA:41,2
DA:44,13
DA:45,6
LF:19
LH:19
BRDA:25,0,0,20
BRDA:25,0,1,93
BRDA:31,1,0,1
BRDA:31,1,1,10
BRDA:38,2,0,0
BRDA:38,2,1,2
BRF:6
BRH:5
end_of_record
TN:
SF:js/map/measurement.ts
FN:22,(anonymous_0)
FN:32,(anonymous_1)
FN:37,(anonymous_2)
FN:39,(anonymous_3)
FN:46,(anonymous_4)
FN:50,(anonymous_5)
FN:56,(anonymous_6)
FN:63,(anonymous_7)
FN:71,(anonymous_8)
FN:79,(anonymous_9)
FN:87,(anonymous_10)
FN:93,(anonymous_11)
FN:104,(anonymous_12)
FN:125,(anonymous_13)
FNF:14
FNH:14
FNDA:43,(anonymous_0)
FNDA:5,(anonymous_1)
FNDA:28,(anonymous_2)
FNDA:15,(anonymous_3)
FNDA:1,(anonymous_4)
FNDA:1,(anonymous_5)
FNDA:12,(anonymous_6)
FNDA:13,(anonymous_7)
FNDA:6,(anonymous_8)
FNDA:3,(anonymous_9)
FNDA:2,(anonymous_10)
FNDA:1,(anonymous_11)
FNDA:24,(anonymous_12)
FNDA:5,(anonymous_13)
DA:23,43
DA:24,43
DA:25,43
DA:26,43
DA:33,5
DA:34,5
DA:37,28
DA:40,15
DA:41,13
DA:42,13
DA:47,1
DA:51,1
DA:52,1
DA:53,1
DA:57,12
DA:58,11
DA:59,12
DA:64,13
DA:65,4
DA:67,9
DA:72,6
DA:73,3
DA:75,3
DA:80,3
DA:81,1
DA:83,2
DA:88,2
DA:89,1
DA:94,1
DA:95,0
DA:105,24
DA:108,24
DA:109,5
DA:110,5
DA:111,5
DA:115,21
DA:116,21
DA:117,21
DA:118,21
DA:126,5
DA:127,5
LF:41
LH:40
BRDA:40,0,0,2
BRDA:40,0,1,13
BRDA:57,1,0,1
BRDA:57,1,1,11
BRDA:58,2,0,10
BRDA:58,2,1,1
BRDA:64,3,0,4
BRDA:64,3,1,9
BRDA:64,4,0,13
BRDA:64,4,1,4
BRDA:72,5,0,3
BRDA:72,5,1,3
BRDA:72,6,0,6
BRDA:72,6,1,3
BRDA:80,7,0,1
BRDA:80,7,1,2
BRDA:80,8,0,3
BRDA:80,8,1,1
BRDA:88,9,0,1
BRDA:88,9,1,1
BRDA:88,10,0,2
BRDA:88,10,1,1
BRDA:94,11,0,1
BRDA:94,11,1,0
BRDA:94,12,0,1
BRDA:94,12,1,1
BRDA:108,13,0,5
BRDA:108,13,1,19
BRDA:108,14,0,24
BRDA:108,14,1,5
BRDA:108,14,2,5
BRDA:108,14,3,5
BRDA:111,15,0,3
BRDA:111,15,1,2
BRDA:111,16,0,5
BRDA:111,16,1,4
BRF:36
BRH:35
end_of_record
TN:
SF:js/map/save-manager.ts
FN:20,_readAll
FN:26,_writeAll
FN:31,listSaves
FN:34,(anonymous_3)
FN:35,(anonymous_4)
FN:39,saveSlot
FN:46,loadSlot
FN:53,deleteSlot
FN:60,renameSlot
FN:70,saveOptions
FN:75,loadOptions
FNF:11
FNH:11
FNDA:26,_readAll
FNDA:12,_writeAll
FNDA:4,listSaves
FNDA:3,(anonymous_3)
FNDA:1,(anonymous_4)
FNDA:9,saveSlot
FNDA:10,loadSlot
FNDA:2,deleteSlot
FNDA:2,renameSlot
FNDA:2,saveOptions
FNDA:3,loadOptions
DA:8,1
DA:9,1
DA:21,26
DA:22,26
DA:23,0
DA:27,12
DA:32,4
DA:33,4
DA:34,3
DA:35,1
DA:40,9
DA:41,9
DA:42,9
DA:47,10
DA:48,10
DA:49,10
DA:54,2
DA:55,2
DA:56,2
DA:61,2
DA:62,1
DA:63,1
DA:64,1
DA:65,1
DA:66,1
DA:71,2
DA:76,3
DA:77,3
DA:78,3
DA:79,0
LF:30
LH:28
BRDA:22,0,0,26
BRDA:22,0,1,11
BRDA:22,1,0,26
BRDA:22,1,1,11
BRDA:49,2,0,7
BRDA:49,2,1,3
BRDA:61,3,0,1
BRDA:61,3,1,1
BRDA:63,4,0,0
BRDA:63,4,1,1
BRDA:78,5,0,2
BRDA:78,5,1,1
BRF:12
BRH:11
end_of_record
TN:
SF:js/map/shapes.ts
FN:17,nextId
FN:25,syncNextId
FN:33,releaseId
FN:42,nextColor
FN:46,createPoint
FN:50,createSegment
FN:54,createLine
FN:58,createCircle
FN:62,generateConcentrics
FN:71,createTriangle
FN:75,createAngle
FN:79,createMedian
FN:83,createBisector
FN:89,dot
FN:96,selectionGlow
FN:104,drawLabel
FN:125,(anonymous_16)
FN:177,(anonymous_17)
FN:200,(anonymous_18)
FN:223,(anonymous_19)
FN:236,(anonymous_20)
FN:271,(anonymous_21)
FN:304,(anonymous_22)
FN:321,(anonymous_23)
FN:356,(anonymous_24)
FN:357,(anonymous_25)
FN:358,(anonymous_26)
FN:359,(anonymous_27)
FN:360,(anonymous_28)
FN:366,(anonymous_29)
FN:367,(anonymous_30)
FN:368,(anonymous_31)
FN:373,moveShape
FN:399,shapeInfo
FN:434,renderShape
FN:446,hitTestShape
FNF:36
FNH:24
FNDA:86,nextId
FNDA:10,syncNextId
FNDA:6,releaseId
FNDA:67,nextColor
FNDA:30,createPoint
FNDA:13,createSegment
FNDA:3,createLine
FNDA:26,createCircle
FNDA:8,generateConcentrics
FNDA:6,createTriangle
FNDA:4,createAngle
FNDA:1,createMedian
FNDA:3,createBisector
FNDA:2,dot
FNDA:0,selectionGlow
FNDA:0,drawLabel
FNDA:2,(anonymous_16)
FNDA:0,(anonymous_17)
FNDA:0,(anonymous_18)
FNDA:0,(anonymous_19)
FNDA:0,(anonymous_20)
FNDA:0,(anonymous_21)
FNDA:0,(anonymous_22)
FNDA:0,(anonymous_23)
FNDA:9,(anonymous_24)
FNDA:18,(anonymous_25)
FNDA:1,(anonymous_26)
FNDA:2,(anonymous_27)
FNDA:2,(anonymous_28)
FNDA:0,(anonymous_29)
FNDA:0,(anonymous_30)
FNDA:0,(anonymous_31)
FNDA:6,moveShape
FNDA:8,shapeInfo
FNDA:3,renderShape
FNDA:33,hitTestShape
DA:15,5
DA:18,86
DA:19,1144
DA:20,86
DA:21,86
DA:26,10
DA:27,10
DA:28,7
DA:34,6
DA:37,5
DA:41,5
DA:42,67
DA:47,30
DA:51,13
DA:55,3
DA:59,26
DA:63,8
DA:64,6
DA:65,6
DA:66,12
DA:68,6
DA:72,6
DA:76,4
DA:80,1
DA:84,3
DA:90,2
DA:91,2
DA:92,2
DA:93,2
DA:97,0
DA:98,0
DA:99,0
DA:100,0
DA:101,0
DA:105,0
DA:106,0
DA:107,0
DA:108,0
DA:109,0
DA:110,0
DA:111,0
DA:112,0
DA:113,0
DA:114,0
DA:115,0
DA:116,0
DA:117,0
DA:118,0
DA:119,0
DA:124,5
DA:126,2
DA:128,2
DA:129,1
DA:130,1
DA:131,1
DA:132,1
DA:133,1
DA:134,1
DA:135,1
DA:136,1
DA:137,1
DA:138,1
DA:139,1
DA:140,1
DA:141,1
DA:142,1
DA:144,1
DA:145,1
DA:146,1
DA:147,1
DA:148,1
DA:150,1
DA:151,1
DA:152,1
DA:153,1
DA:154,1
DA:155,1
DA:156,1
DA:157,1
DA:158,1
DA:160,1
DA:161,1
DA:162,1
DA:163,1
DA:164,1
DA:165,1
DA:166,1
DA:167,1
DA:168,1
DA:170,1
DA:172,2
DA:173,2
DA:174,2
DA:178,0
DA:179,0
DA:180,0
DA:181,0
DA:182,0
DA:183,0
DA:184,0
DA:185,0
DA:186,0
DA:187,0
DA:189,0
DA:190,0
DA:191,0
DA:192,0
DA:193,0
DA:194,0
DA:195,0
DA:197,0
DA:201,0
DA:202,0
DA:203,0
DA:204,0
DA:205,0
DA:206,0
DA:207,0
DA:208,0
DA:209,0
DA:210,0
DA:211,0
DA:213,0
DA:214,0
DA:215,0
DA:216,0
DA:217,0
DA:218,0
DA:219,0
DA:224,0
DA:225,0
DA:226,0
DA:227,0
DA:228,0
DA:229,0
DA:230,0
DA:231,0
DA:232,0
DA:233,0
DA:237,0
DA:238,0
DA:239,0
DA:241,0
DA:242,0
DA:243,0
DA:244,0
DA:246,0
DA:247,0
DA:248,0
DA:250,0
DA:251,0
DA:252,0
DA:254,0
DA:255,0
DA:256,0
DA:257,0
DA:258,0
DA:259,0
DA:260,0
DA:261,0
DA:262,0
DA:265,0
DA:266,0
DA:267,0
DA:272,0
DA:273,0
DA:274,0
DA:276,0
DA:277,0
DA:278,0
DA:279,0
DA:280,0
DA:281,0
DA:282,0
DA:283,0
DA:285,0
DA:286,0
DA:287,0
DA:288,0
DA:289,0
DA:290,0
DA:291,0
DA:292,0
DA:293,0
DA:294,0
DA:295,0
DA:296,0
DA:298,0
DA:299,0
DA:300,0
DA:301,0
DA:305,0
DA:306,0
DA:307,0
DA:308,0
DA:309,0
DA:310,0
DA:311,0
DA:312,0
DA:313,0
DA:314,0
DA:315,0
DA:316,0
DA:317,0
DA:318,0
DA:322,0
DA:323,0
DA:324,0
DA:325,0
DA:326,0
DA:327,0
DA:328,0
DA:329,0
DA:330,0
DA:331,0
DA:332,0
DA:333,0
DA:335,0
DA:336,0
DA:337,0
DA:338,0
DA:339,0
DA:340,0
DA:341,0
DA:342,0
DA:343,0
DA:344,0
DA:345,0
DA:346,0
DA:347,0
DA:348,0
DA:355,5
DA:356,9
DA:357,18
DA:358,1
DA:359,2
DA:361,2
DA:362,1
DA:366,0
DA:367,0
DA:368,0
DA:374,6
DA:376,1
DA:378,1
DA:379,1
DA:381,1
DA:382,1
DA:383,1
DA:385,1
DA:387,1
DA:388,1
DA:389,1
DA:391,1
DA:392,1
DA:393,1
DA:400,8
DA:401,8
DA:403,1
DA:406,1
DA:408,1
DA:410,2
DA:412,1
DA:413,1
DA:414,1
DA:417,1
DA:419,1
DA:421,0
DA:427,5
DA:435,3
DA:436,2
DA:437,0
DA:438,0
DA:439,0
DA:440,0
DA:442,2
DA:447,33
DA:448,32
LF:277
LH:111
BRDA:28,0,0,6
BRDA:28,0,1,1
BRDA:46,1,0,30
BRDA:47,2,0,30
BRDA:47,2,1,28
BRDA:47,3,0,30
BRDA:47,3,1,30
BRDA:47,4,0,30
BRDA:47,4,1,27
BRDA:47,5,0,30
BRDA:47,5,1,28
BRDA:50,6,0,13
BRDA:51,7,0,13
BRDA:51,7,1,13
BRDA:51,8,0,13
BRDA:51,8,1,13
BRDA:51,9,0,13
BRDA:51,9,1,13
BRDA:51,10,0,13
BRDA:51,10,1,13
BRDA:54,11,0,3
BRDA:55,12,0,3
BRDA:55,12,1,3
BRDA:55,13,0,3
BRDA:55,13,1,3
BRDA:55,14,0,3
BRDA:55,14,1,3
BRDA:55,15,0,3
BRDA:55,15,1,3
BRDA:58,16,0,26
BRDA:59,17,0,26
BRDA:59,17,1,26
BRDA:59,18,0,26
BRDA:59,18,1,26
BRDA:59,19,0,26
BRDA:59,19,1,13
BRDA:59,20,0,26
BRDA:59,20,1,26
BRDA:63,21,0,2
BRDA:63,21,1,6
BRDA:71,22,0,6
BRDA:72,23,0,6
BRDA:72,23,1,6
BRDA:72,24,0,6
BRDA:72,24,1,6
BRDA:72,25,0,6
BRDA:72,25,1,6
BRDA:72,26,0,6
BRDA:72,26,1,6
BRDA:75,27,0,4
BRDA:76,28,0,4
BRDA:76,28,1,4
BRDA:76,29,0,4
BRDA:76,29,1,4
BRDA:76,30,0,4
BRDA:76,30,1,4
BRDA:79,31,0,1
BRDA:80,32,0,1
BRDA:80,32,1,0
BRDA:80,33,0,1
BRDA:80,33,1,1
BRDA:83,34,0,3
BRDA:84,35,0,3
BRDA:84,35,1,3
BRDA:84,36,0,3
BRDA:84,36,1,3
BRDA:104,37,0,0
BRDA:104,38,0,0
BRDA:128,39,0,1
BRDA:128,39,1,1
BRDA:144,40,0,1
BRDA:144,40,1,0
BRDA:172,41,0,0
BRDA:172,41,1,2
BRDA:174,42,0,0
BRDA:174,42,1,2
BRDA:174,43,0,2
BRDA:174,43,1,0
BRDA:183,44,0,0
BRDA:183,44,1,0
BRDA:184,45,0,0
BRDA:184,45,1,0
BRDA:193,46,0,0
BRDA:193,46,1,0
BRDA:197,47,0,0
BRDA:197,47,1,0
BRDA:197,48,0,0
BRDA:197,48,1,0
BRDA:203,49,0,0
BRDA:203,49,1,0
BRDA:209,50,0,0
BRDA:209,50,1,0
BRDA:210,51,0,0
BRDA:210,51,1,0
BRDA:217,52,0,0
BRDA:217,52,1,0
BRDA:217,53,0,0
BRDA:217,53,1,0
BRDA:228,54,0,0
BRDA:228,54,1,0
BRDA:229,55,0,0
BRDA:229,55,1,0
BRDA:232,56,0,0
BRDA:232,56,1,0
BRDA:233,57,0,0
BRDA:233,57,1,0
BRDA:233,58,0,0
BRDA:233,58,1,0
BRDA:246,59,0,0
BRDA:246,59,1,0
BRDA:247,60,0,0
BRDA:247,60,1,0
BRDA:260,61,0,0
BRDA:260,61,1,0
BRDA:265,62,0,0
BRDA:265,62,1,0
BRDA:265,63,0,0
BRDA:265,63,1,0
BRDA:278,64,0,0
BRDA:278,64,1,0
BRDA:279,65,0,0
BRDA:279,65,1,0
BRDA:290,66,0,0
BRDA:290,66,1,0
BRDA:291,67,0,0
BRDA:291,67,1,0
BRDA:310,68,0,0
BRDA:310,68,1,0
BRDA:311,69,0,0
BRDA:311,69,1,0
BRDA:324,70,0,0
BRDA:324,70,1,0
BRDA:330,71,0,0
BRDA:330,71,1,0
BRDA:331,72,0,0
BRDA:331,72,1,0
BRDA:339,73,0,0
BRDA:339,73,1,0
BRDA:361,74,0,1
BRDA:361,74,1,1
BRDA:362,75,0,1
BRDA:362,75,1,0
BRDA:362,75,2,0
BRDA:366,76,0,0
BRDA:366,76,1,0
BRDA:374,77,0,1
BRDA:374,77,1,1
BRDA:374,77,2,1
BRDA:374,77,3,1
BRDA:374,77,4,1
BRDA:374,77,5,1
BRDA:374,77,6,1
BRDA:374,77,7,1
BRDA:401,78,0,1
BRDA:401,78,1,1
BRDA:401,78,2,1
BRDA:401,78,3,1
BRDA:401,78,4,2
BRDA:401,78,5,1
BRDA:401,78,6,1
BRDA:401,78,7,1
BRDA:401,78,8,0
BRDA:435,79,0,1
BRDA:435,79,1,2
BRDA:436,80,0,0
BRDA:436,80,1,2
BRDA:436,81,0,2
BRDA:436,81,1,0
BRDA:447,82,0,1
BRDA:447,82,1,32
BRDA:448,83,0,32
BRDA:448,83,1,0
BRF:172
BRH:97
end_of_record
TN:
SF:js/map/store.ts
FN:12,(anonymous_0)
FN:17,(anonymous_1)
FN:18,(anonymous_2)
FN:18,(anonymous_3)
FN:19,(anonymous_4)
FN:19,(anonymous_5)
FN:20,(anonymous_6)
FN:21,(anonymous_7)
FN:21,(anonymous_8)
FN:22,(anonymous_9)
FN:22,(anonymous_10)
FN:24,(anonymous_11)
FN:25,(anonymous_12)
FN:29,(anonymous_13)
FN:31,(anonymous_14)
FN:35,(anonymous_15)
FN:40,(anonymous_16)
FN:41,(anonymous_17)
FN:45,(anonymous_18)
FN:50,(anonymous_19)
FN:55,(anonymous_20)
FN:58,(anonymous_21)
FN:61,(anonymous_22)
FNF:23
FNH:23
FNDA:57,(anonymous_0)
FNDA:175,(anonymous_1)
FNDA:2,(anonymous_2)
FNDA:3,(anonymous_3)
FNDA:29,(anonymous_4)
FNDA:35,(anonymous_5)
FNDA:25,(anonymous_6)
FNDA:48,(anonymous_7)
FNDA:53,(anonymous_8)
FNDA:11,(anonymous_9)
FNDA:19,(anonymous_10)
FNDA:10,(anonymous_11)
FNDA:15,(anonymous_12)
FNDA:4,(anonymous_13)
FNDA:9,(anonymous_14)
FNDA:4,(anonymous_15)
FNDA:3,(anonymous_16)
FNDA:4,(anonymous_17)
FNDA:2,(anonymous_18)
FNDA:3,(anonymous_19)
FNDA:3,(anonymous_20)
FNDA:128,(anonymous_21)
FNDA:14,(anonymous_22)
DA:13,57
DA:14,57
DA:17,175
DA:18,3
DA:19,35
DA:20,25
DA:21,53
DA:22,19
DA:25,15
DA:26,10
DA:30,4
DA:31,9
DA:32,4
DA:36,4
DA:37,4
DA:41,4
DA:42,3
DA:46,2
DA:47,2
DA:51,3
DA:52,3
DA:55,3
DA:58,128
DA:62,14
DA:63,14
DA:64,14
LF:26
LH:26
BRDA:37,0,0,4
BRDA:37,0,1,0
BRDA:47,1,0,2
BRDA:47,1,1,0
BRDA:52,2,0,3
BRDA:52,2,1,0
BRF:6
BRH:3
end_of_record
TN:
SF:js/utils/events.ts
FN:9,(anonymous_0)
FN:11,(anonymous_1)
FN:14,(anonymous_2)
FN:18,(anonymous_3)
FN:19,(anonymous_4)
FNF:5
FNH:5
FNDA:36,(anonymous_0)
FNDA:1,(anonymous_1)
FNDA:4,(anonymous_2)
FNDA:455,(anonymous_3)
FNDA:29,(anonymous_4)
DA:7,163
DA:10,36
DA:11,36
DA:15,4
DA:19,455
LF:5
LH:5
BRF:0
BRH:0
end_of_record
TN:
SF:js/utils/geometry.ts
FN:8,distance
FN:13,midpoint
FN:18,signedAngle
FN:28,angleBetween
FN:36,angleDeg
FN:40,pointToSegmentDist
FN:48,pointToLineDist
FN:55,projectOnLine
FN:64,perpBisectorLine
FN:74,parallelThrough
FN:83,snapToAngle
FN:97,clipLineToRect
FN:120,lineLineIntersection
FN:129,triangleArea
FN:133,centroid
FN:137,circumcenter
FN:149,pointInTriangle
FN:150,(anonymous_17)
FN:157,pointInCircle
FN:162,getSnapPoints
FNF:20
FNH:20
FNDA:58,distance
FNDA:12,midpoint
FNDA:2,signedAngle
FNDA:7,angleBetween
FNDA:6,angleDeg
FNDA:23,pointToSegmentDist
FNDA:4,pointToLineDist
FNDA:25,projectOnLine
FNDA:3,perpBisectorLine
FNDA:3,parallelThrough
FNDA:7,snapToAngle
FNDA:4,clipLineToRect
FNDA:3,lineLineIntersection
FNDA:7,triangleArea
FNDA:3,centroid
FNDA:3,circumcenter
FNDA:6,pointInTriangle
FNDA:18,(anonymous_17)
FNDA:3,pointInCircle
FNDA:9,getSnapPoints
DA:9,58
DA:10,58
DA:14,12
DA:19,2
DA:20,2
DA:21,2
DA:22,2
DA:23,2
DA:24,2
DA:29,7
DA:30,7
DA:31,7
DA:32,7
DA:33,7
DA:37,6
DA:41,23
DA:42,23
DA:43,23
DA:44,22
DA:45,22
DA:49,4
DA:50,4
DA:51,4
DA:52,3
DA:56,25
DA:57,25
DA:58,25
DA:59,24
DA:60,24
DA:65,3
DA:66,3
DA:67,3
DA:75,3
DA:76,3
DA:84,7
DA:85,7
DA:86,7
DA:87,6
DA:88,6
DA:89,6
DA:90,6
DA:98,4
DA:99,4
DA:100,4
DA:101,4
DA:102,4
DA:103,4
DA:104,4
DA:105,15
DA:106,5
DA:108,10
DA:109,10
DA:110,5
DA:113,3
DA:114,3
DA:121,3
DA:122,3
DA:123,3
DA:124,3
DA:125,2
DA:126,2
DA:130,7
DA:134,3
DA:138,3
DA:139,3
DA:140,2
DA:141,2
DA:142,2
DA:143,2
DA:150,18
DA:151,6
DA:152,6
DA:153,6
DA:154,6
DA:158,3
DA:163,9
DA:164,1
DA:166,2
DA:168,2
DA:169,1
DA:171,1
DA:174,1
DA:175,1
LF:83
LH:83
BRDA:22,0,0,0
BRDA:22,0,1,2
BRDA:23,1,0,0
BRDA:23,1,1,2
BRDA:43,2,0,1
BRDA:43,2,1,22
BRDA:51,3,0,1
BRDA:51,3,1,3
BRDA:58,4,0,1
BRDA:58,4,1,24
BRDA:86,5,0,1
BRDA:86,5,1,6
BRDA:105,6,0,5
BRDA:105,6,1,10
BRDA:106,7,0,1
BRDA:106,7,1,4
BRDA:109,8,0,5
BRDA:109,8,1,5
BRDA:113,9,0,0
BRDA:113,9,1,3
BRDA:124,10,0,1
BRDA:124,10,1,2
BRDA:139,11,0,1
BRDA:139,11,1,2
BRDA:152,12,0,6
BRDA:152,12,1,4
BRDA:152,12,2,4
BRDA:153,13,0,6
BRDA:153,13,1,4
BRDA:153,13,2,0
BRDA:154,14,0,6
BRDA:154,14,1,2
BRDA:163,15,0,1
BRDA:163,15,1,1
BRDA:163,15,2,2
BRDA:163,15,3,1
BRDA:163,15,4,2
BRDA:163,15,5,1
BRDA:163,15,6,1
BRDA:163,15,7,1
BRDA:163,15,8,1
BRF:41
BRH:37
end_of_record
